0,Book_0,Home & Garden,Crafts & Hobbies,History
1,Book_1,History,Romance,History
2,Book_2,Home & Garden,Religion,Romance
3,Book_3,Romance,Romance,Fiction
4,Book_4,Crafts & Hobbies,Fiction,Fantasy
5,Book_5,Home & Garden,Crafts & Hobbies,Spirituality
6,Book_6,Home & Garden,Crafts & Hobbies,Fiction
7,Book_7,Fantasy,Reference,Religion
8,Book_8,Fantasy,Fiction,Spirituality
9,Book_9,Romance,Crafts & Hobbies,History
10,Book_10,Crafts & Hobbies,Spirituality,Translations
11,Book_11,Reference,History,Fantasy
12,Book_12,Crafts & Hobbies,Fiction,Spirituality
13,Book_13,Religion,Fiction,Religion
14,Book_14,Religion,Fiction,Spirituality
15,Book_15,Romance,Crafts & Hobbies,Reference
16,Book_16,Reference,History,Fiction
17,Book_17,Translations,Spirituality,Home & Garden
18,Book_18,Religion,Fantasy,Religion
19,Book_19,Home & Garden,Spirituality,Home & Garden
20,Book_20,Crafts & Hobbies,History,Crafts & Hobbies
21,Book_21,History,Reference,Reference
22,Book_22,Spirituality,Religion,Religion
23,Book_23,Fantasy,Spirituality,Reference
24,Book_24,Reference,Fiction,Fantasy
25,Book_25,Crafts & Hobbies,Home & Garden,Crafts & Hobbies
26,Book_26,Fiction,Romance,Romance
27,Book_27,Translations,Fantasy,Home & Garden
28,Book_28,Fantasy,Romance,Religion
29,Book_29,Home & Garden,Reference,Home & Garden
30,Book_30,Reference,Fantasy,Religion
31,Book_31,Home & Garden,Spirituality,Fiction
32,Book_32,Fiction,Romance,Crafts & Hobbies
33,Book_33,Fiction,Romance,Reference
34,Book_34,Reference,Translations,Fantasy
35,Book_35,Crafts & Hobbies,Crafts & Hobbies,Religion
36,Book_36,Fantasy,Religion,Religion
37,Book_37,Home & Garden,Romance,Home & Garden
38,Book_38,Fiction,Religion,Reference
39,Book_39,Crafts & Hobbies,Home & Garden,History
40,Book_40,Fantasy,Fantasy,Spirituality
41,Book_41,Translations,History,History
42,Book_42,Fiction,Home & Garden,Spirituality
43,Book_43,Translations,Fantasy,Fiction
44,Book_44,Spirituality,Spirituality,Fantasy
45,Book_45,Fiction,History,Fantasy
46,Book_46,Translations,Home & Garden,Crafts & Hobbies
47,Book_47,Translations,History,Romance
48,Book_48,Home & Garden,Reference,History
49,Book_49,Fiction,Translations,History
50,Book_50,Crafts & Hobbies,Fantasy,Home & Garden
51,Book_51,Spirituality,Religion,Reference
52,Book_52,Crafts & Hobbies,Spirituality,Fiction
53,Book_53,Reference,Translations,Translations
54,Book_54,Fantasy,Romance,Romance
55,Book_55,Crafts & Hobbies,Fantasy,Religion
56,Book_56,Religion,Religion,Translations
57,Book_57,Translations,Religion,Religion
58,Book_58,History,Reference,Translations
59,Book_59,Reference,Translations,Spirituality
60,Book_60,Fantasy,History,Crafts & Hobbies
61,Book_61,Fantasy,Fiction,Fantasy
62,Book_62,Translations,History,Reference
63,Book_63,Spirituality,History,Reference
64,Book_64,Translations,Religion,History
65,Book_65,Translations,Spirituality,Home & Garden
66,Book_66,Crafts & Hobbies,Crafts & Hobbies,Crafts & Hobbies
67,Book_67,Fiction,Reference,Reference
68,Book_68,Fiction,Fantasy,History
69,Book_69,Home & Garden,Translations,Home & Garden
70,Book_70,Crafts & Hobbies,Religion,Home & Garden
71,Book_71,History,Translations,Romance
72,Book_72,Religion,Fantasy,Spirituality
73,Book_73,History,History,Romance
74,Book_74,Crafts & Hobbies,Translations,Fantasy
75,Book_75,Fiction,Religion,Fiction
76,Book_76,Fiction,Home & Garden,Translations
77,Book_77,Fiction,Translations,Spirituality
78,Book_78,Home & Garden,Romance,Crafts & Hobbies
79,Book_79,Crafts & Hobbies,Fiction,Crafts & Hobbies
80,Book_80,Crafts & Hobbies,Romance,Fantasy
81,Book_81,Crafts & Hobbies,History,Crafts & Hobbies
82,Book_82,Religion,Religion,Romance
83,Book_83,Home & Garden,Fiction,Home & Garden
84,Book_84,Spirituality,Translations,Spirituality
85,Book_85,Religion,Reference,Translations
86,Book_86,Crafts & Hobbies,Fiction,Home & Garden
87,Book_87,Spirituality,History,History
88,Book_88,History,Crafts & Hobbies,Reference
89,Book_89,Religion,Spirituality,History
90,Book_90,Fantasy,Fiction,Translations
91,Book_91,Religion,History,Reference
92,Book_92,Religion,Home & Garden,History
93,Book_93,Crafts & Hobbies,Crafts & Hobbies,Crafts & Hobbies
94,Book_94,Translations,Reference,Spirituality
95,Book_95,Romance,Religion,Fiction
96,Book_96,Fiction,History,History
97,Book_97,Translations,Romance,Fantasy
98,Book_98,Reference,History,Fantasy
99,Book_99,History,Fiction,Reference
100,Book_100,Fiction,Religion,Fantasy
101,Book_101,Fiction,Reference,Reference
102,Book_102,History,Religion,Crafts & Hobbies
103,Book_103,Romance,Romance,Spirituality
104,Book_104,Crafts & Hobbies,Religion,Spirituality
105,Book_105,Fiction,Home & Garden,Home & Garden
106,Book_106,Romance,Religion,Reference
107,Book_107,Home & Garden,Crafts & Hobbies,Fiction
108,Book_108,Romance,Spirituality,Translations
109,Book_109,Reference,Fiction,Religion
110,Book_110,Crafts & Hobbies,Romance,Translations
111,Book_111,Fiction,Religion,Translations
112,Book_112,Romance,Religion,Fiction
113,Book_113,Home & Garden,Religion,Spirituality
114,Book_114,Romance,Religion,Crafts & Hobbies
115,Book_115,Spirituality,Religion,History
116,Book_116,Home & Garden,Religion,Religion
117,Book_117,Translations,History,Romance
118,Book_118,Fiction,Spirituality,History
119,Book_119,Reference,Fantasy,Romance
120,Book_120,History,Reference,Translations
121,Book_121,Fiction,Reference,Fiction
122,Book_122,Romance,Romance,Crafts & Hobbies
123,Book_123,Home & Garden,Fiction,Religion
124,Book_124,Fantasy,Crafts & Hobbies,Translations
125,Book_125,Reference,Crafts & Hobbies,Religion
126,Book_126,Religion,Reference,Spirituality
127,Book_127,Translations,Romance,Fantasy
128,Book_128,Romance,Reference,Religion
129,Book_129,Fantasy,Spirituality,Crafts & Hobbies
130,Book_130,Home & Garden,Translations,History
131,Book_131,Reference,Fiction,History
132,Book_132,Religion,Romance,History
133,Book_133,Fantasy,Translations,Religion
134,Book_134,Religion,Fiction,Fiction
135,Book_135,Fiction,Romance,History
136,Book_136,Fantasy,Fantasy,Crafts & Hobbies
137,Book_137,Romance,Fantasy,History
138,Book_138,Translations,Religion,History
139,Book_139,Crafts & Hobbies,Fiction,Religion
140,Book_140,Translations,Translations,Spirituality
141,Book_141,Crafts & Hobbies,History,Fiction
142,Book_142,Reference,Home & Garden,Romance
143,Book_143,Reference,Romance,Fiction
144,Book_144,Translations,Religion,Romance
145,Book_145,Spirituality,Home & Garden,Fantasy
146,Book_146,Romance,Fantasy,Fiction
147,Book_147,Home & Garden,Fiction,Spirituality
148,Book_148,Spirituality,Crafts & Hobbies,Reference
149,Book_149,History,Home & Garden,Fiction
150,Book_150,Fantasy,History,Spirituality
151,Book_151,Spirituality,Home & Garden,Religion
152,Book_152,Religion,Reference,Romance
153,Book_153,Fantasy,History,Reference
154,Book_154,Religion,Spirituality,Religion
155,Book_155,Romance,Crafts & Hobbies,Spirituality
156,Book_156,Reference,History,Spirituality
157,Book_157,Fiction,Fiction,Reference
158,Book_158,Spirituality,Spirituality,Spirituality
159,Book_159,Reference,Romance,Home & Garden
160,Book_160,Fiction,Reference,Religion
161,Book_161,Religion,Reference,Religion
162,Book_162,Home & Garden,Religion,Reference
163,Book_163,History,Fiction,Crafts & Hobbies
164,Book_164,Translations,Fantasy,Fiction
165,Book_165,Home & Garden,Crafts & Hobbies,History
166,Book_166,Translations,Religion,Home & Garden
167,Book_167,Crafts & Hobbies,Romance,Religion
168,Book_168,Spirituality,Religion,Religion
169,Book_169,Translations,Home & Garden,Spirituality
170,Book_170,Crafts & Hobbies,Home & Garden,Translations
171,Book_171,History,Translations,Spirituality
172,Book_172,Romance,Religion,Home & Garden
173,Book_173,Romance,Spirituality,Religion
174,Book_174,Fiction,Religion,Fantasy
175,Book_175,Home & Garden,Home & Garden,History
176,Book_176,Crafts & Hobbies,Religion,Translations
177,Book_177,Crafts & Hobbies,Reference,Home & Garden
178,Book_178,Romance,Home & Garden,Religion
179,Book_179,Home & Garden,Spirituality,Spirituality
180,Book_180,Spirituality,Romance,Crafts & Hobbies
181,Book_181,Religion,Crafts & Hobbies,Fiction
182,Book_182,Religion,Translations,Translations
183,Book_183,Spirituality,Fantasy,Crafts & Hobbies
184,Book_184,Fantasy,Reference,Translations
185,Book_185,Spirituality,Reference,Reference
186,Book_186,Home & Garden,Translations,Reference
187,Book_187,Reference,Home & Garden,Crafts & Hobbies
188,Book_188,Reference,History,Spirituality
189,Book_189,Spirituality,Translations,History
190,Book_190,History,Crafts & Hobbies,Spirituality
191,Book_191,Fantasy,Fantasy,Spirituality
192,Book_192,Home & Garden,Crafts & Hobbies,Home & Garden
193,Book_193,Fantasy,Reference,Fantasy
194,Book_194,Translations,Crafts & Hobbies,Crafts & Hobbies
195,Book_195,Romance,Crafts & Hobbies,Romance
196,Book_196,History,Romance,Crafts & Hobbies
197,Book_197,Home & Garden,Home & Garden,Reference
198,Book_198,Crafts & Hobbies,Translations,Religion
199,Book_199,History,Home & Garden,Crafts & Hobbies
200,Book_200,Translations,Crafts & Hobbies,History
201,Book_201,Crafts & Hobbies,Fantasy,Spirituality
202,Book_202,Spirituality,History,History
203,Book_203,Fantasy,Reference,Translations
204,Book_204,Reference,Spirituality,Fantasy
205,Book_205,Translations,Translations,Fiction
206,Book_206,Crafts & Hobbies,Fantasy,Reference
207,Book_207,Fiction,Home & Garden,Translations
208,Book_208,Fiction,Reference,History
209,Book_209,Spirituality,Crafts & Hobbies,Reference
210,Book_210,Crafts & Hobbies,Crafts & Hobbies,Religion
211,Book_211,Fiction,Religion,Fantasy
212,Book_212,Reference,Home & Garden,Home & Garden
213,Book_213,Religion,Romance,Reference
214,Book_214,Crafts & Hobbies,Fantasy,Reference
215,Book_215,Home & Garden,Fantasy,Romance
216,Book_216,History,Translations,Spirituality
217,Book_217,Translations,Spirituality,Religion
218,Book_218,Fantasy,Fantasy,Translations
219,Book_219,Religion,Religion,Religion
220,Book_220,Translations,Reference,Home & Garden
221,Book_221,Reference,Fiction,Spirituality
222,Book_222,Reference,History,Religion
223,Book_223,Home & Garden,Spirituality,Home & Garden
224,Book_224,Fiction,Fantasy,Reference
225,Book_225,Religion,Fiction,Home & Garden
226,Book_226,Translations,History,Spirituality
227,Book_227,Fiction,Home & Garden,Reference
228,Book_228,Religion,Reference,History
229,Book_229,History,Fiction,Fantasy
230,Book_230,Fantasy,Home & Garden,Home & Garden
231,Book_231,Home & Garden,Romance,Translations
232,Book_232,Home & Garden,Fantasy,Romance
233,Book_233,Religion,History,Translations
234,Book_234,Translations,History,History
235,Book_235,Romance,Translations,Translations
236,Book_236,History,Translations,Translations
237,Book_237,Religion,History,Romance
238,Book_238,Religion,Religion,Religion
239,Book_239,Fiction,Reference,Reference
240,Book_240,Spirituality,Translations,History
241,Book_241,Fantasy,Romance,Spirituality
242,Book_242,Reference,Fantasy,Home & Garden
243,Book_243,Home & Garden,Fantasy,Reference
244,Book_244,Fiction,Translations,Home & Garden
245,Book_245,Crafts & Hobbies,Romance,Crafts & Hobbies
246,Book_246,Romance,Romance,Religion
247,Book_247,Romance,Fantasy,Spirituality
248,Book_248,Romance,Translations,Religion
249,Book_249,History,Translations,Religion
250,Book_250,History,Crafts & Hobbies,Spirituality
251,Book_251,Religion,History,Fiction
252,Book_252,Translations,Fantasy,Spirituality
253,Book_253,Romance,Romance,Romance
254,Book_254,Spirituality,Home & Garden,Crafts & Hobbies
255,Book_255,Religion,Crafts & Hobbies,History
256,Book_256,Spirituality,Translations,Spirituality
257,Book_257,History,Religion,Reference
258,Book_258,Crafts & Hobbies,Spirituality,Translations
259,Book_259,Home & Garden,Fantasy,Spirituality
260,Book_260,Reference,Fantasy,Translations
261,Book_261,Romance,Romance,Fantasy
262,Book_262,Home & Garden,Crafts & Hobbies,Fiction
263,Book_263,Translations,Reference,Religion
264,Book_264,Reference,Crafts & Hobbies,Crafts & Hobbies
265,Book_265,Crafts & Hobbies,Fantasy,Spirituality
266,Book_266,Reference,Translations,Reference
267,Book_267,Fiction,History,Crafts & Hobbies
268,Book_268,Home & Garden,Reference,Translations
269,Book_269,Fiction,Romance,Romance
270,Book_270,Religion,Home & Garden,Fiction
271,Book_271,Translations,Fantasy,Religion
272,Book_272,Religion,Reference,Fiction
273,Book_273,Fiction,Reference,Reference
274,Book_274,History,Spirituality,Translations
275,Book_275,Home & Garden,Spirituality,Romance
276,Book_276,Translations,Fiction,Fantasy
277,Book_277,Fiction,Religion,Fiction
278,Book_278,Crafts & Hobbies,Translations,Translations
279,Book_279,Reference,Romance,Reference
280,Book_280,Religion,Reference,Home & Garden
281,Book_281,Home & Garden,Reference,Home & Garden
282,Book_282,Spirituality,History,History
283,Book_283,Romance,History,Fiction
284,Book_284,History,Spirituality,Translations
285,Book_285,Home & Garden,Romance,Home & Garden
286,Book_286,Translations,Translations,Romance
287,Book_287,Reference,Religion,Spirituality
288,Book_288,History,Romance,Crafts & Hobbies
289,Book_289,Fiction,History,Spirituality
290,Book_290,Translations,History,Religion
291,Book_291,Fantasy,Fantasy,Fiction
292,Book_292,Reference,Romance,Romance
293,Book_293,History,Religion,Fantasy
294,Book_294,Spirituality,Fantasy,Translations
295,Book_295,History,Religion,Translations
296,Book_296,Spirituality,Crafts & Hobbies,Home & Garden
297,Book_297,Religion,Reference,Spirituality
298,Book_298,History,Fantasy,Fantasy
299,Book_299,Religion,Romance,Reference
300,Book_300,Reference,Religion,Fantasy
301,Book_301,Reference,Reference,Spirituality
302,Book_302,Religion,Fantasy,Reference
303,Book_303,History,Home & Garden,Fiction
304,Book_304,History,History,Spirituality
305,Book_305,Reference,Translations,Translations
306,Book_306,Spirituality,Fiction,Translations
307,Book_307,Romance,Religion,Religion
308,Book_308,Romance,Fantasy,Spirituality
309,Book_309,Reference,Religion,Fiction
310,Book_310,Spirituality,Crafts & Hobbies,Religion
311,Book_311,Crafts & Hobbies,Fiction,Romance
312,Book_312,Religion,History,Home & Garden
313,Book_313,Romance,Translations,Reference
314,Book_314,Reference,Home & Garden,Reference
315,Book_315,Crafts & Hobbies,Romance,Reference
316,Book_316,History,Religion,Fiction
317,Book_317,Religion,Fiction,Fantasy
318,Book_318,Religion,Translations,Spirituality
319,Book_319,Translations,Home & Garden,Fantasy
320,Book_320,Spirituality,Reference,Home & Garden
321,Book_321,Translations,Romance,Fantasy
322,Book_322,Crafts & Hobbies,Crafts & Hobbies,Fantasy
323,Book_323,Crafts & Hobbies,Fiction,Romance
324,Book_324,Translations,Home & Garden,Crafts & Hobbies
325,Book_325,Home & Garden,History,Reference
326,Book_326,Spirituality,Religion,Crafts & Hobbies
327,Book_327,Fantasy,Fiction,Fiction
328,Book_328,Fantasy,History,Reference
329,Book_329,Reference,Fiction,Fantasy
330,Book_330,Translations,Religion,Fantasy
331,Book_331,Home & Garden,Translations,Fantasy
332,Book_332,Spirituality,Spirituality,Fantasy
333,Book_333,History,Religion,Fiction
334,Book_334,Reference,Translations,Fantasy
335,Book_335,Spirituality,Spirituality,Spirituality
336,Book_336,Spirituality,Religion,Translations
337,Book_337,Romance,Fiction,Fiction
338,Book_338,Religion,Fantasy,Romance
339,Book_339,Reference,Fantasy,Reference
340,Book_340,Home & Garden,Crafts & Hobbies,Crafts & Hobbies
341,Book_341,Home & Garden,Crafts & Hobbies,Crafts & Hobbies
342,Book_342,Religion,Translations,Romance
343,Book_343,Fiction,Religion,Romance
344,Book_344,Religion,Romance,Translations
345,Book_345,Reference,Fantasy,Fantasy
346,Book_346,Home & Garden,Religion,History
347,Book_347,Fantasy,Spirituality,History
348,Book_348,Fantasy,History,Religion
349,Book_349,Home & Garden,Translations,Fantasy
350,Book_350,Religion,Spirituality,Spirituality
351,Book_351,Reference,Translations,Reference
352,Book_352,Reference,Romance,Spirituality
353,Book_353,Fantasy,Reference,Crafts & Hobbies
354,Book_354,Fantasy,Religion,Crafts & Hobbies
355,Book_355,History,Crafts & Hobbies,Spirituality
356,Book_356,History,History,Home & Garden
357,Book_357,Home & Garden,History,Crafts & Hobbies
358,Book_358,Religion,Crafts & Hobbies,Translations
359,Book_359,Home & Garden,Spirituality,Spirituality
360,Book_360,History,Religion,Reference
361,Book_361,Translations,Spirituality,Fantasy
362,Book_362,Romance,Crafts & Hobbies,Crafts & Hobbies
363,Book_363,Romance,Fiction,Crafts & Hobbies
364,Book_364,Romance,Fantasy,Reference
365,Book_365,Crafts & Hobbies,Fantasy,History
366,Book_366,Crafts & Hobbies,Crafts & Hobbies,Spirituality
367,Book_367,Fantasy,Fiction,Reference
368,Book_368,Reference,Fantasy,Spirituality
369,Book_369,Spirituality,Fantasy,Fiction
370,Book_370,Fiction,Fantasy,History
371,Book_371,Crafts & Hobbies,Spirituality,Home & Garden
372,Book_372,Fantasy,Reference,Reference
373,Book_373,Romance,Reference,History
374,Book_374,Reference,Religion,Romance
375,Book_375,Romance,Translations,Reference
376,Book_376,Fantasy,Reference,Spirituality
377,Book_377,Reference,Reference,Home & Garden
378,Book_378,Home & Garden,Translations,Home & Garden
379,Book_379,Home & Garden,Translations,History
380,Book_380,Religion,Reference,Romance
381,Book_381,Religion,Translations,Reference
382,Book_382,Crafts & Hobbies,Religion,Spirituality
383,Book_383,Spirituality,Crafts & Hobbies,Reference
384,Book_384,Spirituality,Religion,Reference
385,Book_385,Translations,Spirituality,Crafts & Hobbies
386,Book_386,Fiction,Fiction,Translations
387,Book_387,Home & Garden,Fantasy,Translations
388,Book_388,Fantasy,Fiction,Fiction
389,Book_389,Translations,Fiction,Home & Garden
390,Book_390,Home & Garden,Religion,Translations
391,Book_391,Home & Garden,Religion,History
392,Book_392,History,Crafts & Hobbies,Spirituality
393,Book_393,Crafts & Hobbies,Spirituality,Crafts & Hobbies
394,Book_394,Romance,Spirituality,Fantasy
395,Book_395,Translations,Romance,Crafts & Hobbies
396,Book_396,History,Fantasy,Spirituality
397,Book_397,Spirituality,Home & Garden,History
398,Book_398,Home & Garden,Spirituality,Translations
399,Book_399,History,Fantasy,Religion
400,Book_400,History,Fiction,Fiction
401,Book_401,Fantasy,Romance,Home & Garden
402,Book_402,Translations,Fantasy,History
403,Book_403,Crafts & Hobbies,Spirituality,Reference
404,Book_404,Fiction,Reference,History
405,Book_405,Fantasy,Spirituality,Reference
406,Book_406,Fantasy,Religion,Reference
407,Book_407,Fantasy,Religion,Fiction
408,Book_408,Romance,Religion,Spirituality
409,Book_409,Romance,Crafts & Hobbies,Crafts & Hobbies
410,Book_410,Romance,Reference,Reference
411,Book_411,Fiction,Translations,Home & Garden
412,Book_412,Romance,Spirituality,Reference
413,Book_413,Fantasy,Home & Garden,Home & Garden
414,Book_414,Spirituality,Home & Garden,Crafts & Hobbies
415,Book_415,Crafts & Hobbies,History,Fantasy
416,Book_416,Home & Garden,Fiction,Crafts & Hobbies
417,Book_417,History,Home & Garden,Religion
418,Book_418,Translations,Religion,Fantasy
419,Book_419,Reference,Religion,Romance
420,Book_420,History,Home & Garden,Crafts & Hobbies
421,Book_421,Reference,Fiction,Religion
422,Book_422,Fantasy,Home & Garden,Religion
423,Book_423,Spirituality,Crafts & Hobbies,Spirituality
424,Book_424,Fiction,History,Crafts & Hobbies
425,Book_425,Translations,Translations,Spirituality
426,Book_426,Reference,Translations,Romance
427,Book_427,History,Reference,Translations
428,Book_428,Crafts & Hobbies,Romance,History
429,Book_429,Fiction,Crafts & Hobbies,Romance
430,Book_430,Translations,Fiction,Crafts & Hobbies
431,Book_431,Translations,History,Fiction
432,Book_432,Reference,Religion,Religion
433,Book_433,Home & Garden,Fiction,Reference
434,Book_434,History,Reference,Home & Garden
435,Book_435,Reference,History,Romance
436,Book_436,Fantasy,Religion,Spirituality
437,Book_437,Home & Garden,Spirituality,Spirituality
438,Book_438,Fiction,Reference,Romance
439,Book_439,Crafts & Hobbies,Fantasy,Reference
440,Book_440,Reference,Home & Garden,Fantasy
441,Book_441,Spirituality,Reference,Reference
442,Book_442,Fiction,Spirituality,Religion
443,Book_443,Reference,History,Translations
444,Book_444,History,Fantasy,Translations
445,Book_445,Translations,Spirituality,Reference
446,Book_446,History,Romance,Translations
447,Book_447,Fantasy,Romance,Home & Garden
448,Book_448,Reference,Religion,Reference
449,Book_449,Reference,Translations,Fiction
450,Book_450,Romance,Fiction,Crafts & Hobbies
451,Book_451,Romance,Crafts & Hobbies,Spirituality
452,Book_452,Translations,Religion,Romance
453,Book_453,Crafts & Hobbies,Religion,Religion
454,Book_454,Fantasy,Religion,Fiction
455,Book_455,Translations,Crafts & Hobbies,Fantasy
456,Book_456,Spirituality,Home & Garden,Religion
457,Book_457,Translations,Romance,Home & Garden
458,Book_458,Translations,Fiction,Romance
459,Book_459,Fiction,Fiction,Crafts & Hobbies
460,Book_460,Translations,Crafts & Hobbies,Romance
461,Book_461,Religion,Fantasy,Reference
462,Book_462,Translations,Fantasy,Reference
463,Book_463,Spirituality,Spirituality,Romance
464,Book_464,Translations,History,Romance
465,Book_465,History,Reference,Translations
466,Book_466,Religion,Religion,Religion
467,Book_467,Religion,Fantasy,Fantasy
468,Book_468,Romance,Translations,History
469,Book_469,Translations,Fantasy,History
470,Book_470,Reference,Translations,Fiction
471,Book_471,Fantasy,Fiction,Religion
472,Book_472,Religion,Crafts & Hobbies,Spirituality
473,Book_473,Translations,Home & Garden,Religion
474,Book_474,Religion,Religion,Reference
475,Book_475,Romance,Reference,Translations
476,Book_476,History,Crafts & Hobbies,Crafts & Hobbies
477,Book_477,Spirituality,Religion,History
478,Book_478,Fiction,Crafts & Hobbies,History
479,Book_479,Fiction,Crafts & Hobbies,Crafts & Hobbies
480,Book_480,Religion,Home & Garden,Religion
481,Book_481,Crafts & Hobbies,Crafts & Hobbies,Reference
482,Book_482,Fantasy,Translations,Home & Garden
483,Book_483,Romance,Romance,Religion
484,Book_484,Home & Garden,Home & Garden,Home & Garden
485,Book_485,History,Fantasy,Home & Garden
486,Book_486,Religion,Romance,History
487,Book_487,Home & Garden,Fantasy,Reference
488,Book_488,Romance,Spirituality,Spirituality
489,Book_489,History,Religion,Translations
490,Book_490,Home & Garden,Translations,Romance
491,Book_491,Crafts & Hobbies,Fiction,Fiction
492,Book_492,History,Religion,Religion
493,Book_493,Translations,Home & Garden,Home & Garden
494,Book_494,Fiction,Crafts & Hobbies,History
495,Book_495,Translations,Translations,Home & Garden
496,Book_496,Fantasy,Fantasy,Fiction
497,Book_497,Translations,Home & Garden,Fantasy
498,Book_498,Crafts & Hobbies,Romance,Romance
499,Book_499,History,History,Romance
500,Book_500,Fantasy,Spirituality,Religion
501,Book_501,Religion,Spirituality,History
502,Book_502,Romance,Fiction,Romance
503,Book_503,Fantasy,Fiction,Romance
504,Book_504,Spirituality,Reference,Home & Garden
505,Book_505,Home & Garden,Religion,Home & Garden
506,Book_506,Crafts & Hobbies,Religion,Fiction
507,Book_507,Fantasy,Crafts & Hobbies,Home & Garden
508,Book_508,Crafts & Hobbies,Reference,Religion
509,Book_509,Romance,Translations,Religion
510,Book_510,Fantasy,Spirituality,Fiction
511,Book_511,Reference,Fiction,Home & Garden
512,Book_512,Religion,Crafts & Hobbies,History
513,Book_513,History,Fantasy,Fantasy
514,Book_514,History,Translations,Home & Garden
515,Book_515,Spirituality,Religion,Translations
516,Book_516,Translations,Fiction,Translations
517,Book_517,Religion,Religion,Romance
518,Book_518,History,History,Reference
519,Book_519,Romance,Reference,Home & Garden
520,Book_520,Reference,Spirituality,Spirituality
521,Book_521,History,Home & Garden,Fiction
522,Book_522,History,Fantasy,Spirituality
523,Book_523,Fantasy,Crafts & Hobbies,Home & Garden
524,Book_524,Translations,Spirituality,Religion
525,Book_525,Romance,Fantasy,Translations
526,Book_526,Religion,Fiction,Religion
527,Book_527,Home & Garden,Reference,Home & Garden
528,Book_528,Religion,Translations,Religion
529,Book_529,Romance,Home & Garden,Reference
530,Book_530,History,Crafts & Hobbies,Fantasy
531,Book_531,Reference,Fiction,Spirituality
532,Book_532,Crafts & Hobbies,History,Fantasy
533,Book_533,History,Fiction,Home & Garden
534,Book_534,Reference,Fantasy,Romance
535,Book_535,Crafts & Hobbies,Romance,Religion
536,Book_536,Fiction,Romance,Crafts & Hobbies
537,Book_537,Translations,Home & Garden,Fiction
538,Book_538,Translations,Crafts & Hobbies,Reference
539,Book_539,Fiction,Reference,Crafts & Hobbies
540,Book_540,Reference,Reference,Crafts & Hobbies
541,Book_541,Crafts & Hobbies,Fiction,Spirituality
542,Book_542,Fantasy,Romance,Crafts & Hobbies
543,Book_543,Fantasy,Reference,Romance
544,Book_544,Fantasy,Spirituality,Romance
545,Book_545,Spirituality,Translations,Fantasy
546,Book_546,Romance,Home & Garden,Reference
547,Book_547,Romance,History,Fantasy
548,Book_548,Home & Garden,Home & Garden,Crafts & Hobbies
549,Book_549,Reference,Translations,Romance
550,Book_550,Fiction,Religion,Reference
551,Book_551,Religion,Romance,Religion
552,Book_552,Home & Garden,Crafts & Hobbies,Reference
553,Book_553,Reference,Reference,History
554,Book_554,Reference,Translations,Reference
555,Book_555,Crafts & Hobbies,Romance,Crafts & Hobbies
556,Book_556,Reference,Spirituality,Crafts & Hobbies
557,Book_557,Fiction,Fantasy,Spirituality
558,Book_558,Religion,Fiction,Spirituality
559,Book_559,Spirituality,Crafts & Hobbies,History
560,Book_560,Spirituality,Crafts & Hobbies,Fantasy
561,Book_561,Spirituality,Crafts & Hobbies,Reference
562,Book_562,Crafts & Hobbies,Reference,Romance
563,Book_563,Fiction,Religion,Home & Garden
564,Book_564,Fantasy,Spirituality,Reference
565,Book_565,Translations,Fiction,Reference
566,Book_566,Romance,Fantasy,Fantasy
567,Book_567,Fiction,Reference,Fiction
568,Book_568,Fantasy,History,Crafts & Hobbies
569,Book_569,Fantasy,Fiction,Reference
570,Book_570,Home & Garden,Fiction,Religion
571,Book_571,Fantasy,Spirituality,Spirituality
572,Book_572,Religion,Fantasy,Fantasy
573,Book_573,History,Translations,Reference
574,Book_574,History,History,Fiction
575,Book_575,Home & Garden,Translations,Religion
576,Book_576,Home & Garden,Fiction,Fantasy
577,Book_577,Fiction,Fantasy,Crafts & Hobbies
578,Book_578,Fiction,Reference,Home & Garden
579,Book_579,Fiction,Crafts & Hobbies,Reference
580,Book_580,Spirituality,History,Spirituality
581,Book_581,Fiction,Fantasy,Crafts & Hobbies
582,Book_582,Fantasy,Romance,Romance
583,Book_583,Home & Garden,Translations,Reference
584,Book_584,Fiction,History,Fantasy
585,Book_585,History,Fantasy,Fiction
586,Book_586,Romance,Crafts & Hobbies,Fiction
587,Book_587,Romance,Fiction,Fantasy
588,Book_588,Romance,Religion,Romance
589,Book_589,Home & Garden,Reference,Translations
590,Book_590,Romance,History,Fantasy
591,Book_591,Translations,Religion,Spirituality
592,Book_592,Fantasy,Translations,Fiction
593,Book_593,Home & Garden,History,History
594,Book_594,Religion,Translations,History
595,Book_595,Fiction,Romance,Crafts & Hobbies
596,Book_596,Religion,Fantasy,Translations
597,Book_597,Fiction,Fiction,History
598,Book_598,Religion,Romance,Romance
599,Book_599,Fiction,Reference,Spirituality
600,Book_600,Crafts & Hobbies,Fantasy,Home & Garden
601,Book_601,History,Fantasy,Reference
602,Book_602,Home & Garden,Crafts & Hobbies,Crafts & Hobbies
603,Book_603,Fantasy,Religion,Reference
604,Book_604,Religion,Religion,Fiction
605,Book_605,Reference,Romance,Spirituality
606,Book_606,Religion,Religion,Crafts & Hobbies
607,Book_607,Crafts & Hobbies,Reference,History
608,Book_608,Fantasy,Translations,Spirituality
609,Book_609,Reference,Fiction,Fiction
610,Book_610,Spirituality,History,Fiction
611,Book_611,Fiction,Spirituality,Spirituality
612,Book_612,Crafts & Hobbies,Fantasy,Fantasy
613,Book_613,Fiction,Reference,Fiction
614,Book_614,Spirituality,Translations,Fantasy
615,Book_615,Home & Garden,Fiction,Crafts & Hobbies
616,Book_616,Crafts & Hobbies,Fantasy,Fiction
617,Book_617,Fantasy,Fiction,Romance
618,Book_618,Religion,Romance,Spirituality
619,Book_619,Home & Garden,Religion,Translations
620,Book_620,Home & Garden,Romance,History
621,Book_621,Fantasy,Translations,History
622,Book_622,Romance,History,History
623,Book_623,Fantasy,History,History
624,Book_624,Fiction,Translations,Crafts & Hobbies
625,Book_625,History,Fiction,Romance
626,Book_626,Translations,Translations,History
627,Book_627,Reference,Romance,Spirituality
628,Book_628,Spirituality,Spirituality,Fantasy
629,Book_629,Religion,Crafts & Hobbies,Fantasy
630,Book_630,Translations,Spirituality,Romance
631,Book_631,Reference,Crafts & Hobbies,Reference
632,Book_632,Spirituality,Translations,Religion
633,Book_633,Romance,Home & Garden,Fantasy
634,Book_634,Romance,Spirituality,History
635,Book_635,Home & Garden,Reference,Reference
636,Book_636,Religion,Crafts & Hobbies,Spirituality
637,Book_637,Fiction,Translations,History
638,Book_638,Religion,Religion,Translations
639,Book_639,History,Translations,Reference
640,Book_640,Spirituality,Fiction,Religion
641,Book_641,Fantasy,Crafts & Hobbies,Crafts & Hobbies
642,Book_642,Translations,Religion,Translations
643,Book_643,Translations,Fiction,Translations
644,Book_644,Fantasy,Spirituality,Home & Garden
645,Book_645,Home & Garden,Crafts & Hobbies,Reference
646,Book_646,Religion,History,Spirituality
647,Book_647,Romance,Reference,Religion
648,Book_648,Religion,Religion,Home & Garden
649,Book_649,Reference,Religion,Crafts & Hobbies
650,Book_650,Reference,Reference,Fantasy
651,Book_651,Religion,Fantasy,History
652,Book_652,Spirituality,Translations,Crafts & Hobbies
653,Book_653,Religion,Fantasy,Reference
654,Book_654,Translations,Fantasy,Romance
655,Book_655,Religion,Translations,History
656,Book_656,Reference,Crafts & Hobbies,Translations
657,Book_657,Home & Garden,History,Spirituality
658,Book_658,Spirituality,Reference,Fantasy
659,Book_659,History,Reference,Reference
660,Book_660,Spirituality,Spirituality,Translations
661,Book_661,Reference,Fantasy,Reference
662,Book_662,Religion,Translations,Crafts & Hobbies
663,Book_663,Romance,Reference,Fiction
664,Book_664,Crafts & Hobbies,Fiction,Translations
665,Book_665,Religion,Crafts & Hobbies,Translations
666,Book_666,Religion,Fiction,Fantasy
667,Book_667,Fiction,History,Reference
668,Book_668,History,Crafts & Hobbies,Translations
669,Book_669,Fantasy,Romance,Fantasy
670,Book_670,Translations,Fiction,Romance
671,Book_671,Translations,Religion,Reference
672,Book_672,Translations,History,Fantasy
673,Book_673,Romance,Romance,Spirituality
674,Book_674,Crafts & Hobbies,History,Fiction
675,Book_675,History,Spirituality,Fiction
676,Book_676,Home & Garden,Religion,Home & Garden
677,Book_677,Translations,Translations,Romance
678,Book_678,Fiction,Spirituality,Translations
679,Book_679,Spirituality,Religion,Reference
680,Book_680,Religion,Romance,Fiction
681,Book_681,Crafts & Hobbies,History,History
682,Book_682,Reference,History,Fantasy
683,Book_683,Fantasy,Reference,Fiction
684,Book_684,Fiction,Fantasy,History
685,Book_685,Home & Garden,Fiction,Religion
686,Book_686,Home & Garden,Spirituality,Fantasy
687,Book_687,Spirituality,Religion,Religion
688,Book_688,Reference,Crafts & Hobbies,Fiction
689,Book_689,Romance,History,Religion
690,Book_690,Romance,Romance,Religion
691,Book_691,Crafts & Hobbies,Crafts & Hobbies,Fantasy
692,Book_692,Home & Garden,History,Romance
693,Book_693,Fantasy,Home & Garden,Spirituality
694,Book_694,Reference,Translations,Spirituality
695,Book_695,Religion,Spirituality,Fantasy
696,Book_696,Translations,History,History
697,Book_697,Translations,Romance,Fiction
698,Book_698,Religion,Fiction,Crafts & Hobbies
699,Book_699,Fiction,Spirituality,Fantasy
700,Book_700,Translations,Crafts & Hobbies,Romance
701,Book_701,Fantasy,Fiction,Crafts & Hobbies
702,Book_702,Religion,Translations,Spirituality
703,Book_703,Crafts & Hobbies,Fiction,Home & Garden
704,Book_704,Fiction,Home & Garden,Spirituality
705,Book_705,Translations,Spirituality,Fiction
706,Book_706,Translations,History,Reference
707,Book_707,Romance,Home & Garden,Reference
708,Book_708,Romance,Romance,Translations
709,Book_709,Translations,Religion,Crafts & Hobbies
710,Book_710,Romance,Home & Garden,History
711,Book_711,Spirituality,Fantasy,Crafts & Hobbies
712,Book_712,Reference,Fiction,Translations
713,Book_713,History,Romance,Fantasy
714,Book_714,Spirituality,Romance,Fantasy
715,Book_715,Home & Garden,Translations,Fantasy
716,Book_716,Fiction,Fantasy,History
717,Book_717,Fiction,Fiction,Spirituality
718,Book_718,Translations,Translations,Translations
719,Book_719,Translations,Fantasy,Home & Garden
720,Book_720,Spirituality,History,Spirituality
721,Book_721,Fantasy,Spirituality,Fiction
722,Book_722,History,Fiction,Translations
723,Book_723,Romance,Religion,Reference
724,Book_724,Spirituality,History,Religion
725,Book_725,History,Romance,Fiction
726,Book_726,Romance,Spirituality,Reference
727,Book_727,Home & Garden,History,Home & Garden
728,Book_728,Spirituality,Fantasy,History
729,Book_729,Fiction,Religion,Fantasy
730,Book_730,Translations,Reference,Religion
731,Book_731,Translations,Home & Garden,Translations
732,Book_732,Home & Garden,History,Fiction
733,Book_733,Reference,Crafts & Hobbies,Spirituality
734,Book_734,Reference,Romance,Home & Garden
735,Book_735,Fantasy,Fantasy,History
736,Book_736,Fantasy,Fiction,Fantasy
737,Book_737,Translations,Religion,Reference
738,Book_738,Crafts & Hobbies,Fantasy,Reference
739,Book_739,Crafts & Hobbies,Crafts & Hobbies,Romance
740,Book_740,Crafts & Hobbies,Translations,Crafts & Hobbies
741,Book_741,Fantasy,Fiction,Spirituality
742,Book_742,Romance,Romance,Romance
743,Book_743,Fiction,Fiction,Fiction
744,Book_744,Spirituality,Fantasy,Reference
745,Book_745,Home & Garden,Translations,History
746,Book_746,Romance,Home & Garden,Romance
747,Book_747,Romance,Fantasy,Religion
748,Book_748,Translations,Translations,Translations
749,Book_749,Reference,Crafts & Hobbies,Romance
750,Book_750,Crafts & Hobbies,Home & Garden,History
751,Book_751,Reference,Home & Garden,Romance
752,Book_752,Fiction,Crafts & Hobbies,Fantasy
753,Book_753,Home & Garden,Reference,Home & Garden
754,Book_754,Spirituality,Crafts & Hobbies,Fiction
755,Book_755,Home & Garden,History,Fantasy
756,Book_756,Religion,Reference,Spirituality
757,Book_757,Reference,Home & Garden,Reference
758,Book_758,Crafts & Hobbies,Religion,Translations
759,Book_759,Home & Garden,Religion,Reference
760,Book_760,Fiction,Religion,Romance
761,Book_761,Fantasy,Spirituality,Reference
762,Book_762,Crafts & Hobbies,Religion,Reference
763,Book_763,Home & Garden,Fantasy,Religion
764,Book_764,Fantasy,Fantasy,Romance
765,Book_765,Crafts & Hobbies,Home & Garden,Spirituality
766,Book_766,Translations,Romance,Translations
767,Book_767,Religion,Religion,Reference
768,Book_768,Fantasy,Crafts & Hobbies,Fiction
769,Book_769,History,Crafts & Hobbies,Crafts & Hobbies
770,Book_770,Translations,Translations,History
771,Book_771,Translations,Crafts & Hobbies,Reference
772,Book_772,Fantasy,Translations,Religion
773,Book_773,Spirituality,Home & Garden,Romance
774,Book_774,Translations,Translations,History
775,Book_775,Romance,Spirituality,Home & Garden
776,Book_776,Reference,Spirituality,Reference
777,Book_777,Crafts & Hobbies,Reference,Reference
778,Book_778,Home & Garden,Translations,Spirituality
779,Book_779,Romance,Home & Garden,Translations
780,Book_780,Fantasy,Fantasy,Translations
781,Book_781,Translations,History,Romance
782,Book_782,History,Fantasy,History
783,Book_783,History,Romance,Fiction
784,Book_784,Reference,Reference,Reference
785,Book_785,Religion,Home & Garden,Fiction
786,Book_786,Spirituality,Romance,Religion
787,Book_787,Fantasy,Fantasy,Spirituality
788,Book_788,Home & Garden,Religion,History
789,Book_789,Spirituality,Fiction,Reference
790,Book_790,Crafts & Hobbies,Fiction,Spirituality
791,Book_791,Fantasy,History,Fantasy
792,Book_792,Spirituality,Religion,Translations
793,Book_793,Home & Garden,Reference,History
794,Book_794,Fantasy,History,Religion
795,Book_795,Home & Garden,Spirituality,Religion
796,Book_796,Crafts & Hobbies,History,Crafts & Hobbies
797,Book_797,Fiction,History,Translations
798,Book_798,Fiction,Religion,Crafts & Hobbies
799,Book_799,Translations,Fantasy,Crafts & Hobbies
800,Book_800,Translations,Fantasy,Romance
801,Book_801,Religion,Crafts & Hobbies,Spirituality
802,Book_802,Crafts & Hobbies,Reference,History
803,Book_803,Romance,Reference,Romance
804,Book_804,Romance,Crafts & Hobbies,Home & Garden
805,Book_805,Fiction,Spirituality,Crafts & Hobbies
806,Book_806,Romance,History,Romance
807,Book_807,Romance,Religion,Fantasy
808,Book_808,Crafts & Hobbies,Translations,Fiction
809,Book_809,Fantasy,Fantasy,Religion
810,Book_810,Religion,Reference,Home & Garden
811,Book_811,Romance,Translations,Reference
812,Book_812,Fiction,Spirituality,History
813,Book_813,History,Fantasy,Romance
814,Book_814,History,Fiction,Reference
815,Book_815,Religion,Reference,Fantasy
816,Book_816,History,Religion,Fiction
817,Book_817,History,Translations,Fiction
818,Book_818,Spirituality,Religion,Romance
819,Book_819,Spirituality,Spirituality,Translations
820,Book_820,Fantasy,Spirituality,Crafts & Hobbies
821,Book_821,Fiction,Spirituality,Reference
822,Book_822,Crafts & Hobbies,Home & Garden,History
823,Book_823,Crafts & Hobbies,History,Reference
824,Book_824,Home & Garden,Spirituality,Reference
825,Book_825,Fantasy,Home & Garden,Spirituality
826,Book_826,Fantasy,Religion,Reference
827,Book_827,Home & Garden,Religion,Translations
828,Book_828,History,Crafts & Hobbies,Home & Garden
829,Book_829,Fantasy,Religion,Romance
830,Book_830,Spirituality,History,Translations
831,Book_831,Crafts & Hobbies,Spirituality,Fiction
832,Book_832,Romance,History,Romance
833,Book_833,Spirituality,Translations,Religion
834,Book_834,Crafts & Hobbies,Crafts & Hobbies,Translations
835,Book_835,Fiction,Fiction,Fiction
836,Book_836,Spirituality,Spirituality,Religion
837,Book_837,Fantasy,History,Spirituality
838,Book_838,Religion,Romance,Romance
839,Book_839,Spirituality,History,Romance
840,Book_840,Translations,History,Spirituality
841,Book_841,Translations,Romance,Spirituality
842,Book_842,Translations,Reference,Fiction
843,Book_843,Home & Garden,History,Translations
844,Book_844,Spirituality,Spirituality,Crafts & Hobbies
845,Book_845,Home & Garden,Religion,Fantasy
846,Book_846,Reference,Translations,Fantasy
847,Book_847,Religion,Crafts & Hobbies,Religion
848,Book_848,Fiction,Fiction,Crafts & Hobbies
849,Book_849,Fantasy,Spirituality,Crafts & Hobbies
850,Book_850,Religion,Reference,Home & Garden
851,Book_851,Fiction,Spirituality,Reference
852,Book_852,Romance,Romance,Crafts & Hobbies
853,Book_853,Crafts & Hobbies,Spirituality,Reference
854,Book_854,Fantasy,Fantasy,History
855,Book_855,Home & Garden,Fantasy,History
856,Book_856,Crafts & Hobbies,Fantasy,Crafts & Hobbies
857,Book_857,Romance,Translations,Crafts & Hobbies
858,Book_858,Reference,Spirituality,Religion
859,Book_859,Fantasy,Fantasy,Crafts & Hobbies
860,Book_860,Crafts & Hobbies,Translations,Crafts & Hobbies
861,Book_861,Fiction,Reference,Fantasy
862,Book_862,Home & Garden,Fantasy,Reference
863,Book_863,Fantasy,Fantasy,Home & Garden
864,Book_864,Romance,Fiction,Reference
865,Book_865,Fiction,History,Home & Garden
866,Book_866,Fiction,Religion,Religion
867,Book_867,Home & Garden,Translations,Fiction
868,Book_868,Spirituality,Crafts & Hobbies,Fiction
869,Book_869,Home & Garden,Fantasy,Fiction
870,Book_870,History,Translations,Home & Garden
871,Book_871,Fantasy,Fantasy,Crafts & Hobbies
872,Book_872,Fiction,Fiction,Home & Garden
873,Book_873,Fiction,Home & Garden,History
874,Book_874,Translations,Crafts & Hobbies,Home & Garden
875,Book_875,Religion,Reference,Spirituality
876,Book_876,Religion,Home & Garden,Reference
877,Book_877,Romance,Romance,Romance
878,Book_878,Home & Garden,Translations,Translations
879,Book_879,Romance,Fantasy,Translations
880,Book_880,Romance,Translations,Fiction
881,Book_881,Reference,Home & Garden,Home & Garden
882,Book_882,Fiction,Fantasy,Romance
883,Book_883,History,Reference,Home & Garden
884,Book_884,Religion,History,Religion
885,Book_885,Spirituality,Romance,Crafts & Hobbies
886,Book_886,Translations,Religion,History
887,Book_887,Religion,Romance,Home & Garden
888,Book_888,History,Fantasy,Home & Garden
889,Book_889,Fantasy,History,Romance
890,Book_890,Translations,Spirituality,Fiction
891,Book_891,Fantasy,Spirituality,History
892,Book_892,History,Fantasy,Romance
893,Book_893,Romance,Reference,Home & Garden
894,Book_894,Crafts & Hobbies,Fantasy,Home & Garden
895,Book_895,Spirituality,Religion,Reference
896,Book_896,Religion,Translations,Crafts & Hobbies
897,Book_897,Home & Garden,Home & Garden,Romance
898,Book_898,Romance,Reference,Spirituality
899,Book_899,History,Fiction,Crafts & Hobbies
900,Book_900,Reference,Religion,Crafts & Hobbies
901,Book_901,Spirituality,Crafts & Hobbies,Fiction
902,Book_902,Spirituality,Home & Garden,Reference
903,Book_903,Crafts & Hobbies,Fantasy,Romance
904,Book_904,Crafts & Hobbies,Religion,Home & Garden
905,Book_905,Translations,Religion,Crafts & Hobbies
906,Book_906,Home & Garden,Spirituality,Religion
907,Book_907,Spirituality,Home & Garden,Reference
908,Book_908,Spirituality,Fantasy,Religion
909,Book_909,Fantasy,Fantasy,Romance
910,Book_910,Translations,Fiction,Religion
911,Book_911,Religion,Fantasy,Home & Garden
912,Book_912,Religion,Fiction,Romance
913,Book_913,Religion,Spirituality,Fantasy
914,Book_914,Religion,Fiction,Home & Garden
915,Book_915,Reference,Crafts & Hobbies,Spirituality
916,Book_916,Home & Garden,Translations,Home & Garden
917,Book_917,Crafts & Hobbies,History,Romance
918,Book_918,Crafts & Hobbies,Fantasy,Reference
919,Book_919,Home & Garden,Fiction,History
920,Book_920,Reference,Religion,Crafts & Hobbies
921,Book_921,Reference,Spirituality,Crafts & Hobbies
922,Book_922,Crafts & Hobbies,Reference,Translations
923,Book_923,Reference,Crafts & Hobbies,Translations
924,Book_924,Fantasy,Crafts & Hobbies,Translations
925,Book_925,Fantasy,Fiction,Religion
926,Book_926,Crafts & Hobbies,Fantasy,Translations
927,Book_927,Reference,Romance,Fantasy
928,Book_928,Spirituality,Spirituality,Romance
929,Book_929,Fiction,Translations,Spirituality
930,Book_930,Fiction,Religion,Translations
931,Book_931,Reference,Romance,Fantasy
932,Book_932,Home & Garden,Fantasy,Home & Garden
933,Book_933,Romance,Reference,Translations
934,Book_934,Spirituality,Spirituality,Reference
935,Book_935,Romance,Reference,Fiction
936,Book_936,Fiction,History,Reference
937,Book_937,Reference,Religion,Religion
938,Book_938,Fiction,Religion,Crafts & Hobbies
939,Book_939,History,Romance,Fiction
940,Book_940,Romance,Fiction,Translations
941,Book_941,Religion,Translations,Home & Garden
942,Book_942,Fiction,History,Home & Garden
943,Book_943,Crafts & Hobbies,Home & Garden,Religion
944,Book_944,Home & Garden,Fiction,Reference
945,Book_945,Home & Garden,Translations,Translations
946,Book_946,Fiction,Reference,Reference
947,Book_947,Fiction,Religion,Crafts & Hobbies
948,Book_948,Fantasy,Spirituality,Home & Garden
949,Book_949,Translations,Translations,Home & Garden
950,Book_950,Home & Garden,History,Crafts & Hobbies
951,Book_951,Romance,Fantasy,Home & Garden
952,Book_952,Reference,History,Romance
953,Book_953,Romance,Crafts & Hobbies,Romance
954,Book_954,Fantasy,Home & Garden,History
955,Book_955,Fantasy,Fantasy,Romance
956,Book_956,Translations,Home & Garden,Romance
957,Book_957,Fantasy,History,Romance
958,Book_958,Translations,Romance,Fantasy
959,Book_959,Fantasy,Fantasy,Crafts & Hobbies
960,Book_960,Reference,History,Romance
961,Book_961,Romance,Spirituality,Home & Garden
962,Book_962,Translations,Translations,Fiction
963,Book_963,Crafts & Hobbies,Reference,Home & Garden
964,Book_964,Spirituality,Fiction,Fantasy
965,Book_965,Romance,Spirituality,Reference
966,Book_966,Reference,Translations,Translations
967,Book_967,Romance,Home & Garden,Fantasy
968,Book_968,Translations,Romance,Religion
969,Book_969,Reference,Spirituality,Fiction
970,Book_970,History,Reference,Religion
971,Book_971,Reference,Spirituality,Spirituality
972,Book_972,Fiction,Fiction,Crafts & Hobbies
973,Book_973,Fiction,History,History
974,Book_974,Translations,Fantasy,Fiction
975,Book_975,Romance,Fantasy,History
976,Book_976,Fiction,History,Religion
977,Book_977,History,History,Fantasy
978,Book_978,History,Spirituality,Fantasy
979,Book_979,Reference,Reference,Fantasy
980,Book_980,Spirituality,Translations,Crafts & Hobbies
981,Book_981,Translations,Crafts & Hobbies,History
982,Book_982,Fantasy,Reference,Spirituality
983,Book_983,Crafts & Hobbies,Home & Garden,Religion
984,Book_984,History,Translations,History
985,Book_985,Romance,Crafts & Hobbies,Religion
986,Book_986,Crafts & Hobbies,Translations,Reference
987,Book_987,Religion,Fiction,Romance
988,Book_988,Fiction,Home & Garden,History
989,Book_989,Home & Garden,Fantasy,Reference
990,Book_990,Home & Garden,Fantasy,Crafts & Hobbies
991,Book_991,Home & Garden,Spirituality,Translations
992,Book_992,Religion,Reference,History
993,Book_993,Spirituality,Fantasy,Translations
994,Book_994,Home & Garden,Translations,Spirituality
995,Book_995,Romance,Home & Garden,Fantasy
996,Book_996,Fantasy,Spirituality,Translations
997,Book_997,Spirituality,Home & Garden,Romance
998,Book_998,Fantasy,Religion,Religion
999,Book_999,Translations,Fiction,Fantasy
